-------------------------------------------------------------------------------
Test set: TestSuite
-------------------------------------------------------------------------------
Tests run: 1, Failures: 1, Errors: 0, Skipped: 0, Time elapsed: 30.594 sec <<< FAILURE!
feature(TestRunner)  Time elapsed: 19.801 sec  <<< FAILURE!
cucumber.runtime.CucumberException: java.lang.Exception
	at stepDefinitions.StepDefinitions.i_should_see_on_title(StepDefinitions.java:22)
	at âœ½.Then I should see "Google" on title(TestCase01.feature:8)

