<?xml version="1.0" encoding="UTF-8"?>
<testng-results skipped="0" failed="0" total="1" passed="1">
  <reporter-output>
  </reporter-output>
  <suite name="Suite" duration-ms="14351" started-at="2019-07-24T11:53:42Z" finished-at="2019-07-24T11:53:57Z">
    <groups>
      <group name="cucumber">
        <method signature="TestRunner.feature(cucumber.api.testng.CucumberFeatureWrapper)[pri:0, instance:TestRunner@71be98f5]" name="feature" class="TestRunner"/>
      </group>
    </groups>
    <test name="Test" duration-ms="14351" started-at="2019-07-24T11:53:42Z" finished-at="2019-07-24T11:53:57Z">
      <class name="TestRunner">
        <test-method status="PASS" signature="setUpClass()[pri:0, instance:TestRunner@71be98f5]" name="setUpClass" is-config="true" duration-ms="405" started-at="2019-07-24T11:53:42Z" finished-at="2019-07-24T11:53:43Z">
        </test-method>
        <test-method status="PASS" signature="feature(cucumber.api.testng.CucumberFeatureWrapper)[pri:0, instance:TestRunner@71be98f5]" name="feature" duration-ms="13752" started-at="2019-07-24T11:53:43Z" description="Runs Cucumber Feature" finished-at="2019-07-24T11:53:57Z">
          <params>
            <param index="0">
              <value>
                <![CDATA[Search]]>
              </value>
            </param>
          </params>
        </test-method>
        <test-method status="PASS" signature="tearDownClass()[pri:0, instance:TestRunner@71be98f5]" name="tearDownClass" is-config="true" duration-ms="42" started-at="2019-07-24T11:53:57Z" finished-at="2019-07-24T11:53:57Z">
        </test-method>
      </class>
    </test>
  </suite>
</testng-results>
